<?xml version="1.0" encoding="UTF-8"?>
<!-- Generated by org.testng.reporters.JUnitXMLReporter -->
<testsuite hostname="admin-PC" ignored="0" name="TestRunner-1" tests="3" failures="0" timestamp="07 Jul 2019 06:49:34 GMT" time="16.529" errors="0">
  <testcase name="createcustomerTest" time="16.489" classname="com.acttime.customerTest.CustomerTest"/>
  <testcase name="deleteCustomerTest" time="0.003" classname="com.acttime.customerTest.CustomerTest"/>
  <testcase name="modifyCustomerTest" time="0.001" classname="com.acttime.customerTest.CustomerTest"/>
</testsuite> <!-- TestRunner-1 -->
