<?xml version="1.0" encoding="UTF-8"?>
<!-- Generated by org.testng.reporters.JUnitXMLReporter -->
<testsuite hostname="admin-PC" ignored="0" name="TestRunner-firefox" tests="1" failures="0" timestamp="07 Jul 2019 07:13:28 GMT" time="10.219" errors="0">
  <testcase name="@AfterClass configAC" time="0.001" classname="com.actitime.genericlib.BaseClass">
    <failure type="java.lang.NullPointerException">
      <![CDATA[java.lang.NullPointerException
at com.actitime.genericlib.Browser.closeBrowser(Browser.java:34)
at com.actitime.genericlib.BaseClass.configAC(BaseClass.java:80)
at java.util.concurrent.FutureTask.run(FutureTask.java:266)
at java.util.concurrent.ThreadPoolExecutor.runWorker(ThreadPoolExecutor.java:1142)
at java.util.concurrent.ThreadPoolExecutor$Worker.run(ThreadPoolExecutor.java:617)
at java.lang.Thread.run(Thread.java:745)
... Removed 17 stack frames]]>
    </failure>
  </testcase> <!-- @AfterClass configAC -->
  <testcase name="createcustomerTest" time="0.015" classname="com.acttime.customerTest.CustomerTest"/>
</testsuite> <!-- TestRunner-firefox -->
