<?xml version="1.0" encoding="UTF-8"?>
<!-- Generated by org.testng.reporters.JUnitXMLReporter -->
<testsuite hostname="admin-PC" ignored="0" name="Default test" tests="5" failures="0" timestamp="13 Jul 2019 04:43:21 GMT" time="0.057" errors="0">
  <testcase name="addCart" time="0.012" classname="pac.AddToCart"/>
  <testcase name="addCart" time="0.001" classname="pac.AddToCart"/>
  <testcase name="addCart" time="0.003" classname="pac.AddToCart"/>
  <testcase name="addCart" time="0.003" classname="pac.AddToCart"/>
  <testcase name="addCart" time="0.002" classname="pac.AddToCart"/>
</testsuite> <!-- Default test -->
