<?xml version="1.0" encoding="UTF-8"?>
<!-- Generated by org.testng.reporters.JUnitXMLReporter -->
<testsuite hostname="admin-PC" ignored="2" name="Test" tests="1" failures="0" timestamp="06 Jul 2019 13:37:19 GMT" time="0.063" errors="0">
  <testcase name="createUSerTest" time="0.015" classname="com.acttime.usertest.USerTest"/>
  <testcase name="modifyUserTest" time="0.0" classname="com.acttime.usertest.USerTest">
    <ignored/>
  </testcase> <!-- modifyUserTest -->
  <testcase name="deleteUserTest" time="0.0" classname="com.acttime.usertest.USerTest">
    <ignored/>
  </testcase> <!-- deleteUserTest -->
</testsuite> <!-- Test -->
